5 30 0 0.05 0.02258
5 30 0 0.10 0.02228
5 30 0 0.20 0.01431
5 30 10 0.05 0.01055
5 30 10 0.10 0.01146
5 30 10 0.20 0.00672
5 30 15 0.05 0.01029
5 30 15 0.10 0.00997
5 30 15 0.20 0.01174
5 30 20 0.05 0.00989
5 30 20 0.10 0.00649
5 30 20 0.20 0.00647
5 30 25 0.05 0.00769
5 30 25 0.10 0.00642
5 30 25 0.20 0.00596
5 30 30 0.05 0.00799
5 30 30 0.10 0.00830
5 30 35 0.10 0.00603
5 30 5 0.05 0.01115
5 30 5 0.10 0.01014
5 30 5 0.20 0.00860
7 30 0 0.05 0.02230
7 30 0 0.10 0.02204
7 30 0 0.20 0.02143
7 30 10 0.05 0.01062
7 30 10 0.10 0.00922
7 30 10 0.20 0.00809
7 30 15 0.05 0.00761
7 30 15 0.10 0.01135
7 30 15 0.20 0.00695
7 30 20 0.05 0.01072
7 30 20 0.10 0.00687
7 30 20 0.20 0.00730
7 30 25 0.05 0.00939
7 30 25 0.10 0.00602
7 30 25 0.20 0.00572
7 30 30 0.05 0.00755
7 30 30 0.10 0.00869
7 30 5 0.05 0.01115
7 30 5 0.10 0.00934
7 30 5 0.20 0.00875
9 30 0 0.05 0.01746
9 30 0 0.10 0.01232
9 30 0 0.20 0.01589
9 30 10 0.05 0.00895
9 30 10 0.10 0.00875
9 30 10 0.20 0.00871
9 30 15 0.05 0.00820
9 30 15 0.10 0.00832
9 30 15 0.20 0.00744
9 30 20 0.05 0.00691
9 30 20 0.10 0.00787
9 30 20 0.20 0.00628
9 30 25 0.05 0.00888
9 30 25 0.10 0.00717
9 30 30 0.10 0.01099
9 30 5 0.05 0.01596
9 30 5 0.10 0.01382
9 30 5 0.20 0.00710
5 50 0 0.05 0.01392
5 50 0 0.10 0.01282
5 50 0 0.20 0.02240
5 50 10 0.05 0.00722
5 50 10 0.10 0.00835
5 50 10 0.20 0.00962
5 50 15 0.05 0.00767
5 50 15 0.10 0.00674
5 50 15 0.20 0.00567
5 50 20 0.05 0.00661
5 50 20 0.10 0.00762
5 50 20 0.20 0.00991
5 50 25 0.05 0.00639
5 50 25 0.10 0.00587
5 50 25 0.20 0.00493
5 50 30 0.05 0.00745
5 50 30 0.10 0.00628
5 50 35 0.10 0.00645
5 50 5 0.05 0.00851
5 50 5 0.10 0.00915
5 50 5 0.20 0.00831
7 50 0 0.05 0.01195
7 50 0 0.10 0.01360
7 50 0 0.20 0.01376
7 50 10 0.05 0.01365
7 50 10 0.10 0.00666
7 50 10 0.20 0.00970
7 50 15 0.05 0.00876
7 50 15 0.10 0.00670
7 50 15 0.20 0.00684
7 50 20 0.05 0.00724
7 50 20 0.10 0.00617
7 50 20 0.20 0.01145
7 50 25 0.05 0.00766
7 50 25 0.10 0.00709
7 50 25 0.20 0.00544
7 50 30 0.05 0.00603
7 50 30 0.10 0.00647
7 50 5 0.05 0.00826
7 50 5 0.10 0.01114
7 50 5 0.20 0.00714
9 50 0 0.05 0.01460
9 50 0 0.10 0.01368
9 50 0 0.20 0.00983
9 50 10 0.05 0.00733
9 50 10 0.10 0.00588
9 50 10 0.20 0.00640
9 50 15 0.05 0.00551
9 50 15 0.10 0.01360
9 50 15 0.20 0.00709
9 50 20 0.05 0.00633
9 50 20 0.10 0.00933
9 50 20 0.20 0.00529
9 50 25 0.05 0.00670
9 50 25 0.10 0.00725
9 50 30 0.10 0.00577
9 50 5 0.05 0.00697
9 50 5 0.10 0.01227
9 50 5 0.20 0.00641
5 70 0 0.05 0.01114
5 70 0 0.10 0.01475
5 70 0 0.20 0.01951
5 70 10 0.05 0.00775
5 70 10 0.10 0.00801
5 70 10 0.20 0.00840
5 70 15 0.05 0.00722
5 70 15 0.10 0.00534
5 70 15 0.20 0.00523
5 70 20 0.05 0.00706
5 70 20 0.10 0.00655
5 70 20 0.20 0.00475
5 70 25 0.05 0.00628
5 70 25 0.10 0.00732
5 70 25 0.20 0.00536
5 70 30 0.05 0.00657
5 70 30 0.10 0.00926
5 70 35 0.10 0.00791
5 70 5 0.05 0.00684
5 70 5 0.10 0.00768
5 70 5 0.20 0.00806
7 70 0 0.05 0.01035
7 70 0 0.10 0.00858
7 70 0 0.20 0.01032
7 70 10 0.05 0.00774
7 70 10 0.10 0.00675
7 70 10 0.20 0.00689
7 70 15 0.05 0.00763
7 70 15 0.10 0.00738
7 70 15 0.20 0.00572
7 70 20 0.05 0.00617
7 70 20 0.10 0.00824
7 70 20 0.20 0.00559
7 70 25 0.05 0.00540
7 70 25 0.10 0.00659
7 70 30 0.05 0.00607
7 70 30 0.10 0.00553
7 70 5 0.05 0.01298
7 70 5 0.10 0.00847
7 70 5 0.20 0.00867
9 70 0 0.05 0.01267
9 70 0 0.10 0.01026
9 70 0 0.20 0.01110
9 70 10 0.05 0.00786
9 70 10 0.10 0.00851
9 70 10 0.20 0.00770
9 70 15 0.05 0.00705
9 70 15 0.10 0.01077
9 70 15 0.20 0.00582
9 70 20 0.05 0.00700
9 70 20 0.10 0.00682
9 70 20 0.20 0.01028
9 70 25 0.05 0.00609
9 70 25 0.10 0.00616
9 70 30 0.10 0.00934
9 70 5 0.05 0.01701
9 70 5 0.10 0.00956
9 70 5 0.20 0.00532
